[38;5;6m [38;5;5m19:01:02.64 [0m
[38;5;6m [38;5;5m19:01:02.64 [0m[1mWelcome to the Bitnami spark container[0m
[38;5;6m [38;5;5m19:01:02.64 [0mSubscribe to project updates by watching [1mhttps://github.com/bitnami/bitnami-docker-spark[0m
[38;5;6m [38;5;5m19:01:02.64 [0mSubmit issues and feature requests at [1mhttps://github.com/bitnami/bitnami-docker-spark/issues[0m
[38;5;6m [38;5;5m19:01:02.64 [0m
[38;5;6m [38;5;5m19:01:02.65 [0m[38;5;2mINFO [0m ==> ** Starting Spark setup **
[38;5;6m [38;5;5m19:01:02.68 [0m[38;5;2mINFO [0m ==> Generating Spark configuration file...
[38;5;6m [38;5;5m19:01:02.68 [0m[38;5;2mINFO [0m ==> ** Spark setup finished! **

[38;5;6m [38;5;5m19:01:02.70 [0m[38;5;2mINFO [0m ==> ** Starting Spark in worker mode **
This script is deprecated, use start-worker.sh
starting org.apache.spark.deploy.worker.Worker, logging to /opt/bitnami/spark/logs/spark--org.apache.spark.deploy.worker.Worker-1-ff7cd836633c.out
Spark Command: /opt/bitnami/java/bin/java -cp /opt/bitnami/spark/conf/:/opt/bitnami/spark/jars/* -Xmx1g org.apache.spark.deploy.worker.Worker --webui-port 8081 spark://spark:7077
========================================
Using Spark's default log4j profile: org/apache/spark/log4j-defaults.properties
21/07/06 19:01:04 INFO Worker: Started daemon with process name: 41@ff7cd836633c
21/07/06 19:01:04 INFO SignalUtils: Registering signal handler for TERM
21/07/06 19:01:04 INFO SignalUtils: Registering signal handler for HUP
21/07/06 19:01:04 INFO SignalUtils: Registering signal handler for INT
21/07/06 19:01:04 WARN NativeCodeLoader: Unable to load native-hadoop library for your platform... using builtin-java classes where applicable
21/07/06 19:01:04 INFO SecurityManager: Changing view acls to: spark
21/07/06 19:01:04 INFO SecurityManager: Changing modify acls to: spark
21/07/06 19:01:04 INFO SecurityManager: Changing view acls groups to: 
21/07/06 19:01:04 INFO SecurityManager: Changing modify acls groups to: 
21/07/06 19:01:04 INFO SecurityManager: SecurityManager: authentication disabled; ui acls disabled; users  with view permissions: Set(spark); groups with view permissions: Set(); users  with modify permissions: Set(spark); groups with modify permissions: Set()
21/07/06 19:01:05 INFO Utils: Successfully started service 'sparkWorker' on port 38407.
21/07/06 19:01:05 INFO Worker: Worker decommissioning not enabled, SIGPWR will result in exiting.
21/07/06 19:01:05 INFO Worker: Starting Spark worker 172.22.0.4:38407 with 1 cores, 1024.0 MiB RAM
21/07/06 19:01:05 INFO Worker: Running Spark version 3.1.2
21/07/06 19:01:05 INFO Worker: Spark home: /opt/bitnami/spark
21/07/06 19:01:06 INFO ResourceUtils: ==============================================================
21/07/06 19:01:06 INFO ResourceUtils: No custom resources configured for spark.worker.
21/07/06 19:01:06 INFO ResourceUtils: ==============================================================
21/07/06 19:01:06 INFO Utils: Successfully started service 'WorkerUI' on port 8081.
21/07/06 19:01:06 INFO WorkerWebUI: Bound WorkerWebUI to 0.0.0.0, and started at http://ff7cd836633c:8081
21/07/06 19:01:06 INFO Worker: Connecting to master spark:7077...
21/07/06 19:01:06 INFO TransportClientFactory: Successfully created connection to spark/172.22.0.5:7077 after 58 ms (0 ms spent in bootstraps)
21/07/06 19:01:06 INFO Worker: Successfully registered with master spark://5a7c015f2cb0:7077
[38;5;6m [38;5;5m18:55:13.25 [0m
[38;5;6m [38;5;5m18:55:13.26 [0m[1mWelcome to the Bitnami spark container[0m
[38;5;6m [38;5;5m18:55:13.26 [0mSubscribe to project updates by watching [1mhttps://github.com/bitnami/bitnami-docker-spark[0m
[38;5;6m [38;5;5m18:55:13.26 [0mSubmit issues and feature requests at [1mhttps://github.com/bitnami/bitnami-docker-spark/issues[0m
[38;5;6m [38;5;5m18:55:13.27 [0m
[38;5;6m [38;5;5m18:55:13.30 [0m[38;5;2mINFO [0m ==> ** Starting Spark setup **
[38;5;6m [38;5;5m18:55:13.33 [0m[38;5;2mINFO [0m ==> Detected mounted configuration file...
[38;5;6m [38;5;5m18:55:13.33 [0m[38;5;2mINFO [0m ==> ** Spark setup finished! **

[38;5;6m [38;5;5m18:55:13.35 [0m[38;5;2mINFO [0m ==> ** Starting Spark in worker mode **
This script is deprecated, use start-worker.sh
starting org.apache.spark.deploy.worker.Worker, logging to /opt/bitnami/spark/logs/spark--org.apache.spark.deploy.worker.Worker-1-ff7cd836633c.out
Spark Command: /opt/bitnami/java/bin/java -cp /opt/bitnami/spark/conf/:/opt/bitnami/spark/jars/* -Xmx1g org.apache.spark.deploy.worker.Worker --webui-port 8081 spark://spark:7077
========================================
Using Spark's default log4j profile: org/apache/spark/log4j-defaults.properties
21/07/08 18:55:15 INFO Worker: Started daemon with process name: 39@ff7cd836633c
21/07/08 18:55:15 INFO SignalUtils: Registering signal handler for TERM
21/07/08 18:55:15 INFO SignalUtils: Registering signal handler for HUP
21/07/08 18:55:15 INFO SignalUtils: Registering signal handler for INT
21/07/08 18:55:16 WARN NativeCodeLoader: Unable to load native-hadoop library for your platform... using builtin-java classes where applicable
21/07/08 18:55:16 INFO SecurityManager: Changing view acls to: spark
21/07/08 18:55:16 INFO SecurityManager: Changing modify acls to: spark
21/07/08 18:55:16 INFO SecurityManager: Changing view acls groups to: 
21/07/08 18:55:16 INFO SecurityManager: Changing modify acls groups to: 
21/07/08 18:55:16 INFO SecurityManager: SecurityManager: authentication disabled; ui acls disabled; users  with view permissions: Set(spark); groups with view permissions: Set(); users  with modify permissions: Set(spark); groups with modify permissions: Set()
21/07/08 18:55:17 INFO Utils: Successfully started service 'sparkWorker' on port 40461.
21/07/08 18:55:17 INFO Worker: Worker decommissioning not enabled, SIGPWR will result in exiting.
21/07/08 18:55:17 INFO Worker: Starting Spark worker 172.22.0.2:40461 with 1 cores, 1024.0 MiB RAM
21/07/08 18:55:17 INFO Worker: Running Spark version 3.1.2
21/07/08 18:55:17 INFO Worker: Spark home: /opt/bitnami/spark
21/07/08 18:55:17 INFO ResourceUtils: ==============================================================
21/07/08 18:55:17 INFO ResourceUtils: No custom resources configured for spark.worker.
21/07/08 18:55:17 INFO ResourceUtils: ==============================================================
21/07/08 18:55:18 INFO Utils: Successfully started service 'WorkerUI' on port 8081.
21/07/08 18:55:18 INFO WorkerWebUI: Bound WorkerWebUI to 0.0.0.0, and started at http://ff7cd836633c:8081
21/07/08 18:55:18 INFO Worker: Connecting to master spark:7077...
21/07/08 18:55:18 INFO TransportClientFactory: Successfully created connection to spark/172.22.0.5:7077 after 40 ms (0 ms spent in bootstraps)
21/07/08 18:55:18 INFO Worker: Successfully registered with master spark://5a7c015f2cb0:7077
[38;5;6m [38;5;5m20:03:41.06 [0m
[38;5;6m [38;5;5m20:03:41.06 [0m[1mWelcome to the Bitnami spark container[0m
[38;5;6m [38;5;5m20:03:41.06 [0mSubscribe to project updates by watching [1mhttps://github.com/bitnami/bitnami-docker-spark[0m
[38;5;6m [38;5;5m20:03:41.06 [0mSubmit issues and feature requests at [1mhttps://github.com/bitnami/bitnami-docker-spark/issues[0m
[38;5;6m [38;5;5m20:03:41.07 [0m
[38;5;6m [38;5;5m20:03:41.08 [0m[38;5;2mINFO [0m ==> ** Starting Spark setup **
[38;5;6m [38;5;5m20:03:41.09 [0m[38;5;2mINFO [0m ==> Detected mounted configuration file...
[38;5;6m [38;5;5m20:03:41.09 [0m[38;5;2mINFO [0m ==> ** Spark setup finished! **

[38;5;6m [38;5;5m20:03:41.10 [0m[38;5;2mINFO [0m ==> ** Starting Spark in worker mode **
This script is deprecated, use start-worker.sh
starting org.apache.spark.deploy.worker.Worker, logging to /opt/bitnami/spark/logs/spark--org.apache.spark.deploy.worker.Worker-1-ff7cd836633c.out
Spark Command: /opt/bitnami/java/bin/java -cp /opt/bitnami/spark/conf/:/opt/bitnami/spark/jars/* -Xmx1g org.apache.spark.deploy.worker.Worker --webui-port 8081 spark://spark:7077
========================================
Using Spark's default log4j profile: org/apache/spark/log4j-defaults.properties
21/07/08 20:03:43 INFO Worker: Started daemon with process name: 40@ff7cd836633c
21/07/08 20:03:43 INFO SignalUtils: Registering signal handler for TERM
21/07/08 20:03:43 INFO SignalUtils: Registering signal handler for HUP
21/07/08 20:03:43 INFO SignalUtils: Registering signal handler for INT
21/07/08 20:03:43 WARN NativeCodeLoader: Unable to load native-hadoop library for your platform... using builtin-java classes where applicable
21/07/08 20:03:43 INFO SecurityManager: Changing view acls to: spark
21/07/08 20:03:43 INFO SecurityManager: Changing modify acls to: spark
21/07/08 20:03:43 INFO SecurityManager: Changing view acls groups to: 
21/07/08 20:03:43 INFO SecurityManager: Changing modify acls groups to: 
21/07/08 20:03:43 INFO SecurityManager: SecurityManager: authentication disabled; ui acls disabled; users  with view permissions: Set(spark); groups with view permissions: Set(); users  with modify permissions: Set(spark); groups with modify permissions: Set()
21/07/08 20:03:44 INFO Utils: Successfully started service 'sparkWorker' on port 44715.
21/07/08 20:03:44 INFO Worker: Worker decommissioning not enabled, SIGPWR will result in exiting.
21/07/08 20:03:44 INFO Worker: Starting Spark worker 172.22.0.2:44715 with 1 cores, 1024.0 MiB RAM
21/07/08 20:03:44 INFO Worker: Running Spark version 3.1.2
21/07/08 20:03:44 INFO Worker: Spark home: /opt/bitnami/spark
21/07/08 20:03:45 INFO ResourceUtils: ==============================================================
21/07/08 20:03:45 INFO ResourceUtils: No custom resources configured for spark.worker.
21/07/08 20:03:45 INFO ResourceUtils: ==============================================================
21/07/08 20:03:45 INFO Utils: Successfully started service 'WorkerUI' on port 8081.
21/07/08 20:03:45 INFO WorkerWebUI: Bound WorkerWebUI to 0.0.0.0, and started at http://ff7cd836633c:8081
21/07/08 20:03:45 INFO Worker: Connecting to master spark:7077...
21/07/08 20:03:45 INFO TransportClientFactory: Successfully created connection to spark/172.22.0.5:7077 after 71 ms (0 ms spent in bootstraps)
21/07/08 20:03:45 INFO Worker: Successfully registered with master spark://5a7c015f2cb0:7077
[38;5;6m [38;5;5m18:31:56.98 [0m
[38;5;6m [38;5;5m18:31:56.98 [0m[1mWelcome to the Bitnami spark container[0m
[38;5;6m [38;5;5m18:31:56.98 [0mSubscribe to project updates by watching [1mhttps://github.com/bitnami/bitnami-docker-spark[0m
[38;5;6m [38;5;5m18:31:56.98 [0mSubmit issues and feature requests at [1mhttps://github.com/bitnami/bitnami-docker-spark/issues[0m
[38;5;6m [38;5;5m18:31:56.99 [0m
[38;5;6m [38;5;5m18:31:56.99 [0m[38;5;2mINFO [0m ==> ** Starting Spark setup **
[38;5;6m [38;5;5m18:31:57.01 [0m[38;5;2mINFO [0m ==> Detected mounted configuration file...
[38;5;6m [38;5;5m18:31:57.01 [0m[38;5;2mINFO [0m ==> ** Spark setup finished! **

[38;5;6m [38;5;5m18:31:57.02 [0m[38;5;2mINFO [0m ==> ** Starting Spark in worker mode **
This script is deprecated, use start-worker.sh
starting org.apache.spark.deploy.worker.Worker, logging to /opt/bitnami/spark/logs/spark--org.apache.spark.deploy.worker.Worker-1-ff7cd836633c.out
Spark Command: /opt/bitnami/java/bin/java -cp /opt/bitnami/spark/conf/:/opt/bitnami/spark/jars/* -Xmx1g org.apache.spark.deploy.worker.Worker --webui-port 8081 spark://spark:7077
========================================
Using Spark's default log4j profile: org/apache/spark/log4j-defaults.properties
21/07/10 18:31:58 INFO Worker: Started daemon with process name: 40@ff7cd836633c
21/07/10 18:31:58 INFO SignalUtils: Registering signal handler for TERM
21/07/10 18:31:58 INFO SignalUtils: Registering signal handler for HUP
21/07/10 18:31:58 INFO SignalUtils: Registering signal handler for INT
21/07/10 18:31:58 WARN NativeCodeLoader: Unable to load native-hadoop library for your platform... using builtin-java classes where applicable
21/07/10 18:31:58 INFO SecurityManager: Changing view acls to: spark
21/07/10 18:31:58 INFO SecurityManager: Changing modify acls to: spark
21/07/10 18:31:58 INFO SecurityManager: Changing view acls groups to: 
21/07/10 18:31:58 INFO SecurityManager: Changing modify acls groups to: 
21/07/10 18:31:58 INFO SecurityManager: SecurityManager: authentication disabled; ui acls disabled; users  with view permissions: Set(spark); groups with view permissions: Set(); users  with modify permissions: Set(spark); groups with modify permissions: Set()
21/07/10 18:31:59 INFO Utils: Successfully started service 'sparkWorker' on port 37747.
21/07/10 18:31:59 INFO Worker: Worker decommissioning not enabled, SIGPWR will result in exiting.
21/07/10 18:31:59 INFO Worker: Starting Spark worker 172.22.0.2:37747 with 1 cores, 1024.0 MiB RAM
21/07/10 18:31:59 INFO Worker: Running Spark version 3.1.2
21/07/10 18:31:59 INFO Worker: Spark home: /opt/bitnami/spark
21/07/10 18:31:59 INFO ResourceUtils: ==============================================================
21/07/10 18:31:59 INFO ResourceUtils: No custom resources configured for spark.worker.
21/07/10 18:31:59 INFO ResourceUtils: ==============================================================
21/07/10 18:31:59 INFO Utils: Successfully started service 'WorkerUI' on port 8081.
21/07/10 18:31:59 INFO WorkerWebUI: Bound WorkerWebUI to 0.0.0.0, and started at http://ff7cd836633c:8081
21/07/10 18:31:59 INFO Worker: Connecting to master spark:7077...
21/07/10 18:31:59 INFO TransportClientFactory: Successfully created connection to spark/172.22.0.5:7077 after 43 ms (0 ms spent in bootstraps)
21/07/10 18:32:12 INFO Worker: Retrying connection to master (attempt # 1)
21/07/10 18:32:12 INFO Worker: Connecting to master spark:7077...
21/07/10 18:32:12 INFO Worker: Successfully registered with master spark://5a7c015f2cb0:7077
